Sun Jun 22 17:16:00 UTC 2025: Automated daily update
Mon Jun 23 01:48:21 UTC 2025: Automated daily update
Tue Jun 24 01:42:57 UTC 2025: Automated daily update
Wed Jun 25 01:43:11 UTC 2025: Automated daily update
Thu Jun 26 01:42:07 UTC 2025: Automated daily update
Fri Jun 27 01:43:16 UTC 2025: Automated daily update
Sat Jun 28 01:39:22 UTC 2025: Automated daily update
Sun Jun 29 01:51:46 UTC 2025: Automated daily update
Mon Jun 30 01:47:55 UTC 2025: Automated daily update
Tue Jul  1 01:53:04 UTC 2025: Automated daily update
Wed Jul  2 01:42:48 UTC 2025: Automated daily update
Thu Jul  3 01:43:18 UTC 2025: Automated daily update
Fri Jul  4 01:42:33 UTC 2025: Automated daily update
Sat Jul  5 01:39:06 UTC 2025: Automated daily update
Sun Jul  6 01:50:30 UTC 2025: Automated daily update
Mon Jul  7 01:48:13 UTC 2025: Automated daily update
Tue Jul  8 01:43:38 UTC 2025: Automated daily update
Wed Jul  9 01:44:56 UTC 2025: Automated daily update
Thu Jul 10 01:44:55 UTC 2025: Automated daily update
Fri Jul 11 01:46:21 UTC 2025: Automated daily update
Sat Jul 12 01:47:42 UTC 2025: Automated daily update
Sun Jul 13 01:55:05 UTC 2025: Automated daily update
Mon Jul 14 01:51:00 UTC 2025: Automated daily update
Tue Jul 15 01:51:18 UTC 2025: Automated daily update
Wed Jul 16 01:47:46 UTC 2025: Automated daily update
Thu Jul 17 01:48:34 UTC 2025: Automated daily update
Fri Jul 18 01:49:56 UTC 2025: Automated daily update
Sat Jul 19 01:44:44 UTC 2025: Automated daily update
Sun Jul 20 01:56:41 UTC 2025: Automated daily update
Mon Jul 21 01:54:13 UTC 2025: Automated daily update
Tue Jul 22 01:49:00 UTC 2025: Automated daily update
Wed Jul 23 01:49:52 UTC 2025: Automated daily update
Thu Jul 24 01:49:01 UTC 2025: Automated daily update
Fri Jul 25 01:48:39 UTC 2025: Automated daily update
Sat Jul 26 01:45:37 UTC 2025: Automated daily update
Sun Jul 27 01:57:36 UTC 2025: Automated daily update
Mon Jul 28 01:55:23 UTC 2025: Automated daily update
Tue Jul 29 02:01:36 UTC 2025: Automated daily update
Wed Jul 30 01:51:34 UTC 2025: Automated daily update
Thu Jul 31 01:51:16 UTC 2025: Automated daily update
Fri Aug  1 02:01:19 UTC 2025: Automated daily update
Sat Aug  2 01:45:51 UTC 2025: Automated daily update
Sun Aug  3 01:59:07 UTC 2025: Automated daily update
Mon Aug  4 01:59:22 UTC 2025: Automated daily update
Tue Aug  5 01:54:00 UTC 2025: Automated daily update
Wed Aug  6 01:52:15 UTC 2025: Automated daily update
Thu Aug  7 01:52:35 UTC 2025: Automated daily update
Fri Aug  8 01:52:01 UTC 2025: Automated daily update
Sat Aug  9 01:42:07 UTC 2025: Automated daily update
Sun Aug 10 01:55:33 UTC 2025: Automated daily update
Mon Aug 11 01:52:10 UTC 2025: Automated daily update
Tue Aug 12 01:41:36 UTC 2025: Automated daily update
Wed Aug 13 01:43:05 UTC 2025: Automated daily update
Thu Aug 14 01:44:05 UTC 2025: Automated daily update
Fri Aug 15 01:44:19 UTC 2025: Automated daily update
Sat Aug 16 01:39:07 UTC 2025: Automated daily update
Sun Aug 17 01:49:45 UTC 2025: Automated daily update
Mon Aug 18 01:49:57 UTC 2025: Automated daily update
Tue Aug 19 01:38:35 UTC 2025: Automated daily update
Wed Aug 20 01:36:56 UTC 2025: Automated daily update
Thu Aug 21 01:27:53 UTC 2025: Automated daily update
Fri Aug 22 01:36:30 UTC 2025: Automated daily update
Sat Aug 23 01:26:05 UTC 2025: Automated daily update
Sun Aug 24 01:45:40 UTC 2025: Automated daily update
Mon Aug 25 01:40:42 UTC 2025: Automated daily update
Tue Aug 26 01:37:38 UTC 2025: Automated daily update
Wed Aug 27 01:26:48 UTC 2025: Automated daily update
Thu Aug 28 01:25:55 UTC 2025: Automated daily update
Fri Aug 29 01:26:22 UTC 2025: Automated daily update
Sat Aug 30 01:22:12 UTC 2025: Automated daily update
Sun Aug 31 01:38:32 UTC 2025: Automated daily update
Mon Sep  1 01:47:59 UTC 2025: Automated daily update
Tue Sep  2 01:27:25 UTC 2025: Automated daily update
Wed Sep  3 01:22:09 UTC 2025: Automated daily update
Thu Sep  4 01:22:02 UTC 2025: Automated daily update
Fri Sep  5 01:24:26 UTC 2025: Automated daily update
Sat Sep  6 01:22:05 UTC 2025: Automated daily update
Sun Sep  7 01:36:38 UTC 2025: Automated daily update
Mon Sep  8 01:36:32 UTC 2025: Automated daily update
Tue Sep  9 01:25:43 UTC 2025: Automated daily update
Wed Sep 10 01:22:42 UTC 2025: Automated daily update
Thu Sep 11 01:24:53 UTC 2025: Automated daily update
Fri Sep 12 01:22:01 UTC 2025: Automated daily update
Sat Sep 13 01:18:16 UTC 2025: Automated daily update
Sun Sep 14 01:36:13 UTC 2025: Automated daily update
Mon Sep 15 01:37:31 UTC 2025: Automated daily update
Tue Sep 16 01:22:35 UTC 2025: Automated daily update
Wed Sep 17 01:23:05 UTC 2025: Automated daily update
Thu Sep 18 01:22:30 UTC 2025: Automated daily update
Fri Sep 19 01:24:56 UTC 2025: Automated daily update
Sat Sep 20 01:21:13 UTC 2025: Automated daily update
Sun Sep 21 01:38:53 UTC 2025: Automated daily update
Mon Sep 22 01:38:57 UTC 2025: Automated daily update
Tue Sep 23 01:23:34 UTC 2025: Automated daily update
Wed Sep 24 01:23:57 UTC 2025: Automated daily update
Thu Sep 25 01:24:48 UTC 2025: Automated daily update
Fri Sep 26 01:24:15 UTC 2025: Automated daily update
Sat Sep 27 01:20:56 UTC 2025: Automated daily update
Sun Sep 28 01:39:39 UTC 2025: Automated daily update
Mon Sep 29 01:26:18 UTC 2025: Automated daily update
Tue Sep 30 01:24:38 UTC 2025: Automated daily update
Wed Oct  1 01:41:34 UTC 2025: Automated daily update
Thu Oct  2 01:22:44 UTC 2025: Automated daily update
Fri Oct  3 01:22:25 UTC 2025: Automated daily update
Sat Oct  4 01:20:13 UTC 2025: Automated daily update
Sun Oct  5 01:38:57 UTC 2025: Automated daily update
Mon Oct  6 01:25:01 UTC 2025: Automated daily update
Tue Oct  7 01:23:36 UTC 2025: Automated daily update
Wed Oct  8 01:23:55 UTC 2025: Automated daily update
Thu Oct  9 01:24:27 UTC 2025: Automated daily update
Fri Oct 10 01:25:04 UTC 2025: Automated daily update
Sat Oct 11 01:21:26 UTC 2025: Automated daily update
Sun Oct 12 01:35:22 UTC 2025: Automated daily update
Mon Oct 13 01:38:14 UTC 2025: Automated daily update
Tue Oct 14 01:24:39 UTC 2025: Automated daily update
Wed Oct 15 01:26:42 UTC 2025: Automated daily update
